1609602109749	geckodriver	INFO	Listening on 127.0.0.1:56753
1609602112910	mozrunner::runner	INFO	Running command: "C:\\Program Files\\Mozilla Firefox\\firefox.exe" "--marionette" "-foreground" "-no-remote" "-profile" "C:\\Users\\alexb\\AppData\\Local\\Temp\\rust_mozprofilepVbGBC"
Can't find symbol 'eglSwapBuffersWithDamageEXT'.
Can't find symbol 'eglSetDamageRegionKHR'.
console.warn: SearchSettings: "get: No settings file exists, new profile?" (new Error("", "(unknown module)"))
1609602121064	Marionette	INFO	Listening on port 56761
1609602121885	Marionette	WARN	TLS certificate errors will be ignored for this session
console.warn: LoginRecipes: "getRecipes: falling back to a synchronous message for:" "https://www.instagram.com"
[Child 3064, Chrome_ChildThread] WARNING: pipe error: 232: file /builds/worker/checkouts/gecko/ipc/chromium/src/chrome/common/ipc_channel_win.cc:545
[Child 3064, Chrome_ChildThread] WARNING: pipe error: 232: file /builds/worker/checkouts/gecko/ipc/chromium/src/chrome/common/ipc_channel_win.cc:545
1609603809750	Marionette	INFO	Stopped listening on port 56761

###!!! [Child][RunMessage] Error: Channel closing: too late to send/recv, messages will be lost

1609603814771	geckodriver	INFO	Listening on 127.0.0.1:56884
1609603817875	mozrunner::runner	INFO	Running command: "C:\\Program Files\\Mozilla Firefox\\firefox.exe" "--marionette" "-foreground" "-no-remote" "-profile" "C:\\Users\\alexb\\AppData\\Local\\Temp\\rust_mozprofilewejiSs"
Can't find symbol 'eglSwapBuffersWithDamageEXT'.
Can't find symbol 'eglSetDamageRegionKHR'.
console.warn: SearchSettings: "get: No settings file exists, new profile?" (new Error("", "(unknown module)"))
1609603826799	Marionette	INFO	Listening on port 56892
1609603827023	Marionette	WARN	TLS certificate errors will be ignored for this session
1609603922511	Marionette	INFO	Stopped listening on port 56892
9603920229	mozrunner::runner	INFO	Running command: "C:\\Program Files\\Mozilla Firefox\\firefox.exe" "--marionette" "-foreground" "-no-remote" "-profile" "C:\\Users\\alexb\\AppData\\Local\\Temp\\rust_mozprofilexEnuEx"
Can't find symbol 'eglSwapBuffersWithDamageEXT'.
Can't find symbol 'eglSetDamageRegionKHR'.
console.warn: SearchSettings: "get: No settings file exists, new profile?" (new Error("", "(unknown module)"))
1609603928007	Marionette	INFO	Listening on port 56955
1609603928266	Marionette	WARN	TLS certificate errors will be ignored for this session
1609603990481	Marionette	INFO	Stopped listening on port 56955

###!!! [Child][RunMessage] Error: Channel closing: too late to send/recv, messages will be lost

"--marionette" "-foreground" "-no-remote" "-profile" "C:\\Users\\alexb\\AppData\\Local\\Temp\\rust_mozprofileNwNQQ9"
Can't find symbol 'eglSwapBuffersWithDamageEXT'.
Can't find symbol 'eglSetDamageRegionKHR'.
console.warn: SearchSettings: "get: No settings file exists, new profile?" (new Error("", "(unknown module)"))
1609603993463	Marionette	INFO	Listening on port 57016
1609603993943	Marionette	WARN	TLS certificate errors will be ignored for this session
1609604469136	Marionette	INFO	Stopped listening on port 57016

###!!! [Child][RunMessage] Error: Channel closing: too late to send/recv, messages will be lost

"--marionette" "-foreground" "-no-remote" "-profile" "C:\\Users\\alexb\\AppData\\Local\\Temp\\rust_mozprofileRIhgSq"
Can't find symbol 'eglSwapBuffersWithDamageEXT'.
Can't find symbol 'eglSetDamageRegionKHR'.
console.warn: SearchSettings: "get: No settings file exists, new profile?" (new Error("", "(unknown module)"))
1609604475604	Marionette	INFO	Listening on port 57093
1609604475959	Marionette	WARN	TLS certificate errors will be ignored for this session
1609604897088	Marionette	INFO	Stopped listening on port 57093

###!!! [Child][RunMessage] Error: Channel closing: too late to send/recv, messages will be lost

"--marionette" "-foreground" "-no-remote" "-profile" "C:\\Users\\alexb\\AppData\\Local\\Temp\\rust_mozprofileHv5zTu"
Can't find symbol 'eglSwapBuffersWithDamageEXT'.
Can't find symbol 'eglSetDamageRegionKHR'.
console.warn: SearchSettings: "get: No settings file exists, new profile?" (new Error("", "(unknown module)"))
1609604901064	Marionette	INFO	Listening on port 57196
1609604901531	Marionette	WARN	TLS certificate errors will be ignored for this session
1609605102880	Marionette	INFO	Stopped listening on port 57196

###!!! [Child][RunMessage] Error: Channel closing: too late to send/recv, messages will be lost

"--marionette" "-foreground" "-no-remote" "-profile" "C:\\Users\\alexb\\AppData\\Local\\Temp\\rust_mozprofile9RS0aS"
Can't find symbol 'eglSwapBuffersWithDamageEXT'.
Can't find symbol 'eglSetDamageRegionKHR'.
console.warn: SearchSettings: "get: No settings file exists, new profile?" (new Error("", "(unknown module)"))
1609605107816	Marionette	INFO	Listening on port 57266
1609605108277	Marionette	WARN	TLS certificate errors will be ignored for this session
1609605646973	Marionette	INFO	Stopped listening on port 57266

###!!! [Child][RunMessage] Error: Channel closing: too late to send/recv, messages will be lost

1609605649560	geckodriver	INFO	Listening on 127.0.0.1:57355
1609605652585	mozrunner::runner	INFO	Running command: "C:\\Program Files\\Mozilla Firefox\\firefox.exe" "--marionette" "-foreground" "-no-remote" "-profile" "C:\\Users\\alexb\\AppData\\Local\\Temp\\rust_mozprofileob8Utt"
Can't find symbol 'eglSwapBuffersWithDamageEXT'.
Can't find symbol 'eglSetDamageRegionKHR'.
console.warn: SearchSettings: "get: No settings file exists, new profile?" (new Error("", "(unknown module)"))
1609605658902	Marionette	INFO	Listening on port 57363
1609605658954	Marionette	WARN	TLS certificate errors will be ignored for this session
1609605785638	Marionette	INFO	Stopped listening on port 57363
9605785400	mozrunner::runner	INFO	Running command: "C:\\Program Files\\Mozilla Firefox\\firefox.exe" "--marionette" "-foreground" "-no-remote" "-profile" "C:\\Users\\alexb\\AppData\\Local\\Temp\\rust_mozprofileXWuGz8"
Can't find symbol 'eglSwapBuffersWithDamageEXT'.
Can't find symbol 'eglSetDamageRegionKHR'.
console.warn: SearchSettings: "get: No settings file exists, new profile?" (new Error("", "(unknown module)"))
1609605791564	Marionette	INFO	Listening on port 57436
1609605791764	Marionette	WARN	TLS certificate errors will be ignored for this session
1609605868864	Marionette	INFO	Stopped listening on port 57436

###!!! [Child][RunMessage] Error: Channel closing: too late to send/recv, messages will be lost

1609605872345	geckodriver	INFO	Listening on 127.0.0.1:57488
1609605875403	mozrunner::runner	INFO	Running command: "C:\\Program Files\\Mozilla Firefox\\firefox.exe" "--marionette" "-foreground" "-no-remote" "-profile" "C:\\Users\\alexb\\AppData\\Local\\Temp\\rust_mozprofile2KENNd"
Can't find symbol 'eglSwapBuffersWithDamageEXT'.
Can't find symbol 'eglSetDamageRegionKHR'.
console.warn: SearchSettings: "get: No settings file exists, new profile?" (new Error("", "(unknown module)"))
1609605881136	Marionette	INFO	Listening on port 57496
1609605881454	Marionette	WARN	TLS certificate errors will be ignored for this session
1609605947169	Marionette	INFO	Stopped listening on port 57496

###!!! [Child][RunMessage] Error: Channel closing: too late to send/recv, messages will be lost

1609606050260	geckodriver	INFO	Listening on 127.0.0.1:57614
1609606053294	mozrunner::runner	INFO	Running command: "C:\\Program Files\\Mozilla Firefox\\firefox.exe" "--marionette" "-foreground" "-no-remote" "-profile" "C:\\Users\\alexb\\AppData\\Local\\Temp\\rust_mozprofileqEXDTa"
Can't find symbol 'eglSwapBuffersWithDamageEXT'.
Can't find symbol 'eglSetDamageRegionKHR'.
console.warn: SearchSettings: "get: No settings file exists, new profile?" (new Error("", "(unknown module)"))
1609606058679	Marionette	INFO	Listening on port 57622
1609606059368	Marionette	WARN	TLS certificate errors will be ignored for this session
Handler function threw an exception: [Exception... "Component returned failure code: 0x80040111 (NS_ERROR_NOT_AVAILABLE) [nsIHttpChannelInternal.remoteAddress]"  nsresult: "0x80040111 (NS_ERROR_NOT_AVAILABLE)"  location: "JS frame :: resource://devtools/server/actors/network-monitor/network-observer.js :: _onResponseHeader :: line 1163"  data: no]
Stack: _onResponseHeader@resource://devtools/server/actors/network-monitor/network-observer.js:1163:5
_dispatchActivity@resource://devtools/server/actors/network-monitor/network-observer.js:629:14
NetworkObserver.prototype.observeActivity<@resource://devtools/server/actors/network-monitor/network-observer.js:738:12
exports.makeInfallible/<@resource://devtools/shared/ThreadSafeDevToolsUtils.js:103:22
Line: 1163, column: 0
console.error: ({})
Handler function threw an exception: TypeError: undefined has no properties
Stack: _getWaitTiming@resource://devtools/server/actors/network-monitor/network-observer.js:1262:1
_setupHarTimings@resource://devtools/server/actors/network-monitor/network-observer.js:1487:28
_onTransactionClose@resource://devtools/server/actors/network-monitor/network-observer.js:1210:27
_dispatchActivity@resource://devtools/server/actors/network-monitor/network-observer.js:632:14
NetworkObserver.prototype.observeActivity<@resource://devtools/server/actors/network-monitor/network-observer.js:738:12
exports.makeInfallible/<@resource://devtools/shared/ThreadSafeDevToolsUtils.js:103:22
Line: 1262, column: 1
console.error: (new TypeError("undefined has no properties", "resource://devtools/server/actors/network-monitor/network-observer.js", 1262))
Handler function threw an exception: [Exception... "Component returned failure code: 0x80040111 (NS_ERROR_NOT_AVAILABLE) [nsIHttpChannelInternal.remoteAddress]"  nsresult: "0x80040111 (NS_ERROR_NOT_AVAILABLE)"  location: "JS frame :: resource://devtools/server/actors/network-monitor/network-observer.js :: _onResponseHeader :: line 1163"  data: no]
Stack: _onResponseHeader@resource://devtools/server/actors/network-monitor/network-observer.js:1163:5
_dispatchActivity@resource://devtools/server/actors/network-monitor/network-observer.js:629:14
NetworkObserver.prototype.observeActivity<@resource://devtools/server/actors/network-monitor/network-observer.js:738:12
exports.makeInfallible/<@resource://devtools/shared/ThreadSafeDevToolsUtils.js:103:22
Line: 1163, column: 0
console.error: ({})
Handler function threw an exception: TypeError: undefined has no properties
Stack: _getWaitTiming@resource://devtools/server/actors/network-monitor/network-observer.js:1262:1
_setupHarTimings@resource://devtools/server/actors/network-monitor/network-observer.js:1487:28
_onTransactionClose@resource://devtools/server/actors/network-monitor/network-observer.js:1210:27
_dispatchActivity@resource://devtools/server/actors/network-monitor/network-observer.js:632:14
NetworkObserver.prototype.observeActivity<@resource://devtools/server/actors/network-monitor/network-observer.js:738:12
exports.makeInfallible/<@resource://devtools/shared/ThreadSafeDevToolsUtils.js:103:22
Line: 1262, column: 1
console.error: (new TypeError("undefined has no properties", "resource://devtools/server/actors/network-monitor/network-observer.js", 1262))
JavaScript error: resource://activity-stream/lib/ASRouter.jsm, line 987: NS_ERROR_ILLEGAL_VALUE: Component returned failure code: 0x80070057 (NS_ERROR_ILLEGAL_VALUE) [nsIObserverService.removeObserver]
[Parent 9416, Gecko_IOThread] WARNING: file /builds/worker/checkouts/gecko/ipc/chromium/src/base/process_util_win.cc:166
1609606189687	Marionette	INFO	Stopped listening on port 57622

###!!! [Child][RunMessage] Error: Channel closing: too late to send/recv, messages will be lost

1609606194846	geckodriver	INFO	Listening on 127.0.0.1:57696
1609606197899	mozrunner::runner	INFO	Running command: "C:\\Program Files\\Mozilla Firefox\\firefox.exe" "--marionette" "-foreground" "-no-remote" "-profile" "C:\\Users\\alexb\\AppData\\Local\\Temp\\rust_mozprofilecod2nM"
Can't find symbol 'eglSwapBuffersWithDamageEXT'.
Can't find symbol 'eglSetDamageRegionKHR'.
console.warn: SearchSettings: "get: No settings file exists, new profile?" (new Error("", "(unknown module)"))
1609606202420	Marionette	INFO	Listening on port 57704
1609606202714	Marionette	WARN	TLS certificate errors will be ignored for this session
[Parent 4636, Gecko_IOThread] WARNING: file /builds/worker/checkouts/gecko/ipc/chromium/src/base/process_util_win.cc:166
1609606236110	Marionette	INFO	Stopped listening on port 57704

###!!! [Child][RunMessage] Error: Channel closing: too late to send/recv, messages will be lost

 find symbol 'eglSwapBuffersWithDamageEXT'.
Can't find symbol 'eglSetDamageRegionKHR'.
console.warn: SearchSettings: "get: No settings file exists, new profile?" (new Error("", "(unknown module)"))
1609606235763	Marionette	INFO	Listening on port 57770
1609606235914	Marionette	WARN	TLS certificate errors will be ignored for this session
1609606363768	Marionette	INFO	Stopped listening on port 57770

###!!! [Child][RunMessage] Error: Channel closing: too late to send/recv, messages will be lost

1609606367694	geckodriver	INFO	Listening on 127.0.0.1:57864
1609606370864	mozrunner::runner	INFO	Running command: "C:\\Program Files\\Mozilla Firefox\\firefox.exe" "--marionette" "-foreground" "-no-remote" "-profile" "C:\\Users\\alexb\\AppData\\Local\\Temp\\rust_mozprofileAlLKeX"
Can't find symbol 'eglSwapBuffersWithDamageEXT'.
Can't find symbol 'eglSetDamageRegionKHR'.
console.warn: SearchSettings: "get: No settings file exists, new profile?" (new Error("", "(unknown module)"))
1609606375102	Marionette	INFO	Listening on port 57872
1609606375386	Marionette	WARN	TLS certificate errors will be ignored for this session
1609606461509	Marionette	INFO	Stopped listening on port 57872

###!!! [Child][RunMessage] Error: Channel closing: too late to send/recv, messages will be lost

"--marionette" "-foreground" "-no-remote" "-profile" "C:\\Users\\alexb\\AppData\\Local\\Temp\\rust_mozprofileBCop3F"
Can't find symbol 'eglSwapBuffersWithDamageEXT'.
Can't find symbol 'eglSetDamageRegionKHR'.
console.warn: SearchSettings: "get: No settings file exists, new profile?" (new Error("", "(unknown module)"))
1609606464480	Marionette	INFO	Listening on port 57968
1609606464734	Marionette	WARN	TLS certificate errors will be ignored for this session
JavaScript error: resource://activity-stream/lib/ASRouter.jsm, line 987: NS_ERROR_ILLEGAL_VALUE: Component returned failure code: 0x80070057 (NS_ERROR_ILLEGAL_VALUE) [nsIObserverService.removeObserver]
1609606509857	Marionette	INFO	Stopped listening on port 57968

###!!! [Child][RunMessage] Error: Channel closing: too late to send/recv, messages will be lost

1609606858282	geckodriver	INFO	Listening on 127.0.0.1:58046
1609606861360	mozrunner::runner	INFO	Running command: "C:\\Program Files\\Mozilla Firefox\\firefox.exe" "--marionette" "-foreground" "-no-remote" "-profile" "C:\\Users\\alexb\\AppData\\Local\\Temp\\rust_mozprofileHHjs24"
Can't find symbol 'eglSwapBuffersWithDamageEXT'.
Can't find symbol 'eglSetDamageRegionKHR'.
console.warn: SearchSettings: "get: No settings file exists, new profile?" (new Error("", "(unknown module)"))
1609606866233	Marionette	INFO	Listening on port 58054
1609606866700	Marionette	WARN	TLS certificate errors will be ignored for this session
Handler function threw an exception: [Exception... "Component returned failure code: 0x80040111 (NS_ERROR_NOT_AVAILABLE) [nsIHttpChannelInternal.remoteAddress]"  nsresult: "0x80040111 (NS_ERROR_NOT_AVAILABLE)"  location: "JS frame :: resource://devtools/server/actors/network-monitor/network-observer.js :: _onResponseHeader :: line 1163"  data: no]
Stack: _onResponseHeader@resource://devtools/server/actors/network-monitor/network-observer.js:1163:5
_dispatchActivity@resource://devtools/server/actors/network-monitor/network-observer.js:629:14
NetworkObserver.prototype.observeActivity<@resource://devtools/server/actors/network-monitor/network-observer.js:738:12
exports.makeInfallible/<@resource://devtools/shared/ThreadSafeDevToolsUtils.js:103:22
Line: 1163, column: 0
console.error: ({})
Handler function threw an exception: TypeError: undefined has no properties
Stack: _getWaitTiming@resource://devtools/server/actors/network-monitor/network-observer.js:1262:1
_setupHarTimings@resource://devtools/server/actors/network-monitor/network-observer.js:1487:28
_onTransactionClose@resource://devtools/server/actors/network-monitor/network-observer.js:1210:27
_dispatchActivity@resource://devtools/server/actors/network-monitor/network-observer.js:632:14
NetworkObserver.prototype.observeActivity<@resource://devtools/server/actors/network-monitor/network-observer.js:738:12
exports.makeInfallible/<@resource://devtools/shared/ThreadSafeDevToolsUtils.js:103:22
Line: 1262, column: 1
console.error: (new TypeError("undefined has no properties", "resource://devtools/server/actors/network-monitor/network-observer.js", 1262))
JavaScript error: resource://devtools/client/inspector/markup/views/element-editor.js, line 508: TypeError: this.node.walkerFront is null
JavaScript error: resource://devtools/client/inspector/markup/views/element-editor.js, line 508: TypeError: this.node.walkerFront is null
1609609710229	Marionette	INFO	Stopped listening on port 58054

###!!! [Child][RunMessage] Error: Channel closing: too late to send/recv, messages will be lost

"--marionette" "-foreground" "-no-remote" "-profile" "C:\\Users\\alexb\\AppData\\Local\\Temp\\rust_mozprofileW5ztoz"
Can't find symbol 'eglSwapBuffersWithDamageEXT'.
Can't find symbol 'eglSetDamageRegionKHR'.
console.warn: SearchSettings: "get: No settings file exists, new profile?" (new Error("", "(unknown module)"))
1609609714261	Marionette	INFO	Listening on port 51249
1609609714334	Marionette	WARN	TLS certificate errors will be ignored for this session
1609609734149	Marionette	WARN	TimedPromise timed out after 500 ms: stacktrace:
TimedPromise/<@chrome://marionette/content/sync.js:235:19
TimedPromise@chrome://marionette/content/sync.js:220:10
interaction.flushEventLoop@chrome://marionette/content/interaction.js:418:10
webdriverClickElement@chrome://marionette/content/interaction.js:179:31
[Parent 13696, Gecko_IOThread] WARNING: file /builds/worker/checkouts/gecko/ipc/chromium/src/base/process_util_win.cc:166
1609610341015	Marionette	INFO	Stopped listening on port 51249

###!!! [Child][RunMessage] Error: Channel closing: too late to send/recv, messages will be lost

1609610351623	geckodriver	INFO	Listening on 127.0.0.1:51396
1609610354678	mozrunner::runner	INFO	Running command: "C:\\Program Files\\Mozilla Firefox\\firefox.exe" "--marionette" "-foreground" "-no-remote" "-profile" "C:\\Users\\alexb\\AppData\\Local\\Temp\\rust_mozprofile6CLrKP"
Can't find symbol 'eglSwapBuffersWithDamageEXT'.
Can't find symbol 'eglSetDamageRegionKHR'.
console.warn: SearchSettings: "get: No settings file exists, new profile?" (new Error("", "(unknown module)"))
1609610359885	Marionette	INFO	Listening on port 51404
1609610359990	Marionette	WARN	TLS certificate errors will be ignored for this session
1609610379351	Marionette	WARN	TimedPromise timed out after 500 ms: stacktrace:
TimedPromise/<@chrome://marionette/content/sync.js:235:19
TimedPromise@chrome://marionette/content/sync.js:220:10
interaction.flushEventLoop@chrome://marionette/content/interaction.js:418:10
webdriverClickElement@chrome://marionette/content/interaction.js:179:31
JavaScript error: resource://activity-stream/lib/ASRouter.jsm, line 987: NS_ERROR_ILLEGAL_VALUE: Component returned failure code: 0x80070057 (NS_ERROR_ILLEGAL_VALUE) [nsIObserverService.removeObserver]
[Parent 10584, Gecko_IOThread] WARNING: file /builds/worker/checkouts/gecko/ipc/chromium/src/base/process_util_win.cc:166
1609610485064	Marionette	INFO	Stopped listening on port 51404

###!!! [Child][RunMessage] Error: Channel closing: too late to send/recv, messages will be lost

1609610488011	geckodriver	INFO	Listening on 127.0.0.1:51474
1609610491076	mozrunner::runner	INFO	Running command: "C:\\Program Files\\Mozilla Firefox\\firefox.exe" "--marionette" "-foreground" "-no-remote" "-profile" "C:\\Users\\alexb\\AppData\\Local\\Temp\\rust_mozprofileDJOvr0"
Can't find symbol 'eglSwapBuffersWithDamageEXT'.
Can't find symbol 'eglSetDamageRegionKHR'.
console.warn: SearchSettings: "get: No settings file exists, new profile?" (new Error("", "(unknown module)"))
1609610496059	Marionette	INFO	Listening on port 51482
1609610496403	Marionette	WARN	TLS certificate errors will be ignored for this session
1609610516067	Marionette	WARN	TimedPromise timed out after 500 ms: stacktrace:
TimedPromise/<@chrome://marionette/content/sync.js:235:19
TimedPromise@chrome://marionette/content/sync.js:220:10
interaction.flushEventLoop@chrome://marionette/content/interaction.js:418:10
webdriverClickElement@chrome://marionette/content/interaction.js:179:31
1609610771159	Marionette	INFO	Stopped listening on port 51481609610771317	mozrunner::runner	INFO	Running command: "C:\\Program Files\\Mozilla Firefox\\firefox.exe" "--marionette" "-foreground" "-no-remote" "-profile" "C:\\Users\\alexb\\AppData\\Local\\Temp\\rust_mozprofilecEray9"
Can't find symbol 'eglSwapBuffersWithDamageEXT'.
Can't find symbol 'eglSetDamageRegionKHR'.
console.warn: SearchSettings: "get: No settings file exists, new profile?" (new Error("", "(unknown module)"))
1609610776441	Marionette	INFO	Listening on port 51570
1609610776643	Marionette	WARN	TLS certificate errors will be ignored for this session
1609610795757	Marionette	WARN	TimedPromise timed out after 500 ms: stacktrace:
TimedPromise/<@chrome://marionette/content/sync.js:235:19
TimedPromise@chrome://marionette/content/sync.js:220:10
interaction.flushEventLoop@chrome://marionette/content/interaction.js:418:10
webdriverClickElement@chrome://marionette/content/interaction.js:179:31
[Parent 13340, Gecko_IOThread] WARNING: file /builds/worker/checkouts/gecko/ipc/chromium/src/base/process_util_win.cc:166
1609611074258	Marionette	INFO	Stopped listening on port 51570

###!!! [Child][RunMessage] Error: Channel closing: too late to send/recv, messages will be lost

1609611077665	geckodriver	INFO	Listening on 127.0.0.1:51673
1609611080746	mozrunner::runner	INFO	Running command: "C:\\Program Files\\Mozilla Firefox\\firefox.exe" "--marionette" "-foreground" "-no-remote" "-profile" "C:\\Users\\alexb\\AppData\\Local\\Temp\\rust_mozprofileQ9uViY"
Can't find symbol 'eglSwapBuffersWithDamageEXT'.
Can't find symbol 'eglSetDamageRegionKHR'.
console.warn: SearchSettings: "get: No settings file exists, new profile?" (new Error("", "(unknown module)"))
1609611085039	Marionette	INFO	Listening on port 51681
1609611085073	Marionette	WARN	TLS certificate errors will be ignored for this session
1609611104111	Marionette	WARN	TimedPromise timed out after 500 ms: stacktrace:
TimedPromise/<@chrome://marionette/content/sync.js:235:19
TimedPromise@chrome://marionette/content/sync.js:220:10
interaction.flushEventLoop@chrome://marionette/content/interaction.js:418:10
webdriverClickElement@chrome://marionette/content/interaction.js:179:31
console.warn: "Async method failed in safeAsyncMethod" (new Error("Connection closed, pending request to server0.conn0.child3/domwalker25, type cancelPick failed\n\nRequest stack:\nrequest@resource://devtools/shared/protocol/Front.js:288:14\ngenerateRequestMethods/</frontProto[name]@resource://devtools/shared/protocol/Front/FrontClassWithSpec.js:46:19\ncancelPick@resource://devtools/client/fronts/walker.js:617:18\nexports.safeAsyncMethod/<@resource://devtools/shared/async-utils.js:57:25\n_onInspectorFrontDestroyed@resource://devtools/client/inspector/node-picker.js:112:18\n_emit@resource://devtools/shared/event-emitter.js:226:34\nemit@resource://devtools/shared/event-emitter.js:172:18\nemit@resource://devtools/shared/event-emitter.js:324:18\nunmanage@resource://devtools/shared/protocol/Front.js:168:37\ndestroy@resource://devtools/shared/protocol/Pool.js:167:14\nbaseFrontClassDestroy@resource://devtools/shared/protocol/Front.js:103:13\ndestroy@resource://devtools/shared/protocol/Front.js:67:10\ndestroy@resource://devtools/client/fronts/inspector.js:96:11\n_destroyTarget@resource://devtools/client/fronts/targets/target-mixin.js:604:17\n", "resource://devtools/shared/protocol/Front.js", 99))
1609611314570	Marionette	INFO	Stopped listening on port 51681

###!!! [Child][RunMessage] Error: Channel closing: too late to send/recv, messages will be lost

1609611431413	geckodriver	INFO	Listening on 127.0.0.1:51781
1609611434458	mozrunner::runner	INFO	Running command: "C:\\Program Files\\Mozilla Firefox\\firefox.exe" "--marionette" "-foreground" "-no-remote" "-profile" "C:\\Users\\alexb\\AppData\\Local\\Temp\\rust_mozprofile5b8GJ9"
Can't find symbol 'eglSwapBuffersWithDamageEXT'.
Can't find symbol 'eglSetDamageRegionKHR'.
console.warn: SearchSettings: "get: No settings file exists, new profile?" (new Error("", "(unknown module)"))
1609611439454	Marionette	INFO	Listening on port 51789
1609611439753	Marionette	WARN	TLS certificate errors will be ignored for this session
1609611459046	Marionette	WARN	TimedPromise timed out after 500 ms: stacktrace:
TimedPromise/<@chrome://marionette/content/sync.js:235:19
TimedPromise@chrome://marionette/content/sync.js:220:10
interaction.flushEventLoop@chrome://marionette/content/interaction.js:418:10
webdriverClickElement@chrome://marionette/content/interaction.js:179:31
1609611549606	geckodriver	INFO	Listening on 127.0.0.1:51859
1609611552662	mozrunner::runner	INFO	Running command: "C:\\Program Files\\Mozilla Firefox\\firefox.exe" "--marionette" "-foreground" "-no-remote" "-profile" "C:\\Users\\alexb\\AppData\\Local\\Temp\\rust_mozprofilee9ABIV"
Can't find symbol 'eglSwapBuffersWithDamageEXT'.
Can't find symbol 'eglSetDamageRegionKHR'.
console.warn: SearchSettings: "get: No settings file exists, new profile?" (new Error("", "(unknown module)"))
1609611557731	Marionette	INFO	Listening on port 51867
1609611557980	Marionette	WARN	TLS certificate errors will be ignored for this session
1609611655816	geckodriver	INFO	Listening on 127.0.0.1:51904
1609611658872	mozrunner::runner	INFO	Running command: "C:\\Program Files\\Mozilla Firefox\\firefox.exe" "--marionette" "-foreground" "-no-remote" "-profile" "C:\\Users\\alexb\\AppData\\Local\\Temp\\rust_mozprofilehiEyQy"
Can't find symbol 'eglSwapBuffersWithDamageEXT'.
Can't find symbol 'eglSetDamageRegionKHR'.
console.warn: SearchSettings: "get: No settings file exists, new profile?" (new Error("", "(unknown module)"))
1609611663352	Marionette	INFO	Listening on port 51912
1609611663693	Marionette	WARN	TLS certificate errors will be ignored for this session
1609611683009	Marionette	WARN	TimedPromise timed out after 500 ms: stacktrace:
TimedPromise/<@chrome://marionette/content/sync.js:235:19
TimedPromise@chrome://marionette/content/sync.js:220:10
interaction.flushEventLoop@chrome://marionette/content/interaction.js:418:10
webdriverClickElement@chrome://marionette/content/interaction.js:179:31
1609611778318	geckodriver	INFO	Listening on 127.0.0.1:51998
1609611781359	mozrunner::runner	INFO	Running command: "C:\\Program Files\\Mozilla Firefox\\firefox.exe" "--marionette" "-foreground" "-no-remote" "-profile" "C:\\Users\\alexb\\AppData\\Local\\Temp\\rust_mozprofileslWkaE"
Can't find symbol 'eglSwapBuffersWithDamageEXT'.
Can't find symbol 'eglSetDamageRegionKHR'.
console.warn: SearchSettings: "get: No settings file exists, new profile?" (new Error("", "(unknown module)"))
1609611786155	Marionette	INFO	Listening on port 52006
1609611786180	Marionette	WARN	TLS certificate errors will be ignored for this session
1609611805645	Marionette	WARN	TimedPromise timed out after 500 ms: stacktrace:
TimedPromise/<@chrome://marionette/content/sync.js:235:19
TimedPromise@chrome://marionette/content/sync.js:220:10
interaction.flushEventLoop@chrome://marionette/content/interaction.js:418:10
webdriverClickElement@chrome://marionette/content/interaction.js:179:31
1609612113745	geckodriver	INFO	Listening on 127.0.0.1:52072
1609612116806	mozrunner::runner	INFO	Running command: "C:\\Program Files\\Mozilla Firefox\\firefox.exe" "--marionette" "-foreground" "-no-remote" "-profile" "C:\\Users\\alexb\\AppData\\Local\\Temp\\rust_mozprofile7tfISL"
Can't find symbol 'eglSwapBuffersWithDamageEXT'.
Can't find symbol 'eglSetDamageRegionKHR'.
console.warn: SearchSettings: "get: No settings file exists, new profile?" (new Error("", "(unknown module)"))
1609612122132	Marionette	INFO	Listening on port 52080
1609612122661	Marionette	WARN	TLS certificate errors will be ignored for this session
1609612141859	Marionette	WARN	TimedPromise timed out after 500 ms: stacktrace:
TimedPromise/<@chrome://marionette/content/sync.js:235:19
TimedPromise@chrome://marionette/content/sync.js:220:10
interaction.flushEventLoop@chrome://marionette/content/interaction.js:418:10
webdriverClickElement@chrome://marionette/content/interaction.js:179:31
[Parent 3304, Gecko_IOThread] WARNING: file /builds/worker/checkouts/gecko/ipc/chromium/src/base/process_util_win.cc:166
1609612241478	Marionette	INFO	Stopped listening on port 52080

###!!! [Child][RunMessage] Error: Channel closing: too late to send/recv, messages will be lost

1609612316081	geckodriver	INFO	Listening on 127.0.0.1:52147
1609612319145	mozrunner::runner	INFO	Running command: "C:\\Program Files\\Mozilla Firefox\\firefox.exe" "--marionette" "-foreground" "-no-remote" "-profile" "C:\\Users\\alexb\\AppData\\Local\\Temp\\rust_mozprofileuzdViA"
Can't find symbol 'eglSwapBuffersWithDamageEXT'.
Can't find symbol 'eglSetDamageRegionKHR'.
console.warn: SearchSettings: "get: No settings file exists, new profile?" (new Error("", "(unknown module)"))
1609612323630	Marionette	INFO	Listening on port 52155
1609612323987	Marionette	WARN	TLS certificate errors will be ignored for this session
1609612343407	Marionette	WARN	TimedPromise timed out after 500 ms: stacktrace:
TimedPromise/<@chrome://marionette/content/sync.js:235:19
TimedPromise@chrome://marionette/content/sync.js:220:10
interaction.flushEventLoop@chrome://marionette/content/interaction.js:418:10
webdriverClickElement@chrome://marionette/content/interaction.js:179:31
JavaScript error: resource://activity-stream/lib/ASRouter.jsm, line 987: NS_ERROR_ILLEGAL_VALUE: Component returned failure code: 0x80070057 (NS_ERROR_ILLEGAL_VALUE) [nsIObserverService.removeObserver]
1609620730877	Marionette	INFO	Stopped listening on port 52155

###!!! [Child][RunMessage] Error: Channel closing: too late to send/recv, messages will be lost

1609689316828	geckodriver	INFO	Listening on 127.0.0.1:52916
1609689319940	mozrunner::runner	INFO	Running command: "C:\\Program Files\\Mozilla Firefox\\firefox.exe" "--marionette" "-foreground" "-no-remote" "-profile" "C:\\Users\\alexb\\AppData\\Local\\Temp\\rust_mozprofileWeSMQ0"
Can't find symbol 'eglSwapBuffersWithDamageEXT'.
Can't find symbol 'eglSetDamageRegionKHR'.
console.warn: SearchSettings: "get: No settings file exists, new profile?" (new Error("", "(unknown module)"))
1609689334670	Marionette	INFO	Listening on port 52924
1609689335138	Marionette	WARN	TLS certificate errors will be ignored for this session
1609689358550	Marionette	WARN	TimedPromise timed out after 500 ms: stacktrace:
TimedPromise/<@chrome://marionette/content/sync.js:235:19
TimedPromise@chrome://marionette/content/sync.js:220:10
interaction.flushEventLoop@chrome://marionette/content/interaction.js:418:10
webdriverClickElement@chrome://marionette/content/interaction.js:179:31
1609690647592	Marionette	INFO	Stopped listening on port 52924

###!!! [Child][RunMessage] Error: Channel closing: too late to send/recv, messages will be lost

1609690717387	geckodriver	INFO	Listening on 127.0.0.1:53175
1609690720455	mozrunner::runner	INFO	Running command: "C:\\Program Files\\Mozilla Firefox\\firefox.exe" "--marionette" "-foreground" "-no-remote" "-profile" "C:\\Users\\alexb\\AppData\\Local\\Temp\\rust_mozprofileSrstck"
Can't find symbol 'eglSwapBuffersWithDamageEXT'.
Can't find symbol 'eglSetDamageRegionKHR'.
console.warn: SearchSettings: "get: No settings file exists, new profile?" (new Error("", "(unknown module)"))
1609690727615	Marionette	INFO	Listening on port 53183
1609690727947	Marionette	WARN	TLS certificate errors will be ignored for this session
1609690748198	Marionette	WARN	TimedPromise timed out after 500 ms: stacktrace:
TimedPromise/<@chrome://marionette/content/sync.js:235:19
TimedPromise@chrome://marionette/content/sync.js:220:10
interaction.flushEventLoop@chrome://marionette/content/interaction.js:418:10
webdriverClickElement@chrome://marionette/content/interaction.js:179:31
1609690813521	Marionette	INFO	Stopped listening on port 53183

###!!! [Child][RunMessage] Error: Channel closing: too late to send/recv, messages will be lost

1609692491994	geckodriver	INFO	Listening on 127.0.0.1:53284
1609692495209	mozrunner::runner	INFO	Running command: "C:\\Program Files\\Mozilla Firefox\\firefox.exe" "--marionette" "-foreground" "-no-remote" "-profile" "C:\\Users\\alexb\\AppData\\Local\\Temp\\rust_mozprofileAs6MY2"
Can't find symbol 'eglSwapBuffersWithDamageEXT'.
Can't find symbol 'eglSetDamageRegionKHR'.
console.warn: SearchSettings: "get: No settings file exists, new profile?" (new Error("", "(unknown module)"))
1609692501984	Marionette	INFO	Listening on port 53292
1609692502394	Marionette	WARN	TLS certificate errors will be ignored for this session
1609692523240	Marionette	WARN	TimedPromise timed out after 500 ms: stacktrace:
TimedPromise/<@chrome://marionette/content/sync.js:235:19
TimedPromise@chrome://marionette/content/sync.js:220:10
interaction.flushEventLoop@chrome://marionette/content/interaction.js:418:10
webdriverClickElement@chrome://marionette/content/interaction.js:179:31
console.warn: "Async method failed in safeAsyncMethod" (new Error("Connection closed, pending request to server0.conn0.child3/domwalker25, type cancelPick failed\n\nRequest stack:\nrequest@resource://devtools/shared/protocol/Front.js:288:14\ngenerateRequestMethods/</frontProto[name]@resource://devtools/shared/protocol/Front/FrontClassWithSpec.js:46:19\ncancelPick@resource://devtools/client/fronts/walker.js:617:18\nexports.safeAsyncMethod/<@resource://devtools/shared/async-utils.js:57:25\n_onInspectorFrontDestroyed@resource://devtools/client/inspector/node-picker.js:112:18\n_emit@resource://devtools/shared/event-emitter.js:226:34\nemit@resource://devtools/shared/event-emitter.js:172:18\nemit@resource://devtools/shared/event-emitter.js:324:18\nunmanage@resource://devtools/shared/protocol/Front.js:168:37\ndestroy@resource://devtools/shared/protocol/Pool.js:167:14\nbaseFrontClassDestroy@resource://devtools/shared/protocol/Front.js:103:13\ndestroy@resource://devtools/shared/protocol/Front.js:67:10\ndestroy@resource://devtools/client/fronts/inspector.js:96:11\n_destroyTarget@resource://devtools/client/fronts/targets/target-mixin.js:604:17\n", "resource://devtools/shared/protocol/Front.js", 99))
1609692639406	geckodriver	INFO	Listening on 127.0.0.1:53367
1609692642462	mozrunner::runner	INFO	Running command: "C:\\Program Files\\Mozilla Firefox\\firefox.exe" "--marionette" "-foreground" "-no-remote" "-profile" "C:\\Users\\alexb\\AppData\\Local\\Temp\\rust_mozprofileQ6q1dG"
Can't find symbol 'eglSwapBuffersWithDamageEXT'.
Can't find symbol 'eglSetDamageRegionKHR'.
console.warn: SearchSettings: "get: No settings file exists, new profile?" (new Error("", "(unknown module)"))
1609692646804	Marionette	INFO	Listening on port 53383
1609692647294	Marionette	WARN	TLS certificate errors will be ignored for this session
1609692670303	Marionette	WARN	TimedPromise timed out after 500 ms: stacktrace:
TimedPromise/<@chrome://marionette/content/sync.js:235:19
TimedPromise@chrome://marionette/content/sync.js:220:10
interaction.flushEventLoop@chrome://marionette/content/interaction.js:418:10
webdriverClickElement@chrome://marionette/content/interaction.js:179:31
console.error: (new TypeError("parent is null", "resource://devtools/client/inspector/shared/style-change-tracker.js", 67))
TypeError: parent is null: canMutationImpactCurrentStyles@resource://devtools/client/inspector/shared/style-change-tracker.js:67:24
onMutations@resource://devtools/client/inspector/shared/style-change-tracker.js:84:41
_emit@resource://devtools/shared/event-emitter.js:226:34
emit@resource://devtools/shared/event-emitter.js:172:18
emit@resource://devtools/shared/event-emitter.js:324:18
getMutations@resource://devtools/client/fronts/walker.js:405:10

console.error: "Error while calling actor 'pagestyle's method 'getLayout'" "node is null"
console.error: (new TypeError("parent is null", "resource://devtools/client/inspector/shared/style-change-tracker.js", 67))
TypeError: parent is null: canMutationImpactCurrentStyles@resource://devtools/client/inspector/shared/style-change-tracker.js:67:24
onMutations@resource://devtools/client/inspector/shared/style-change-tracker.js:84:41
_emit@resource://devtools/shared/event-emitter.js:226:34
emit@resource://devtools/shared/event-emitter.js:172:18
emit@resource://devtools/shared/event-emitter.js:324:18
getMutations@resource://devtools/client/fronts/walker.js:405:10

console.error: "getLayout@resource://devtools/server/actors/page-style.js:1005:5\nhandler@resource://devtools/shared/protocol/Actor.js:172:37\nonPacket@resource://devtools/server/devtools-server-connection.js:379:58\nreceiveMessage@resource://devtools/shared/transport/child-transport.js:68:16\n"
console.error: (new Error("Protocol error (TypeError): node is null from: server0.conn1.child3/pagestyle26 (resource://devtools/server/actors/page-style.js:1005:5)", "resource://devtools/shared/protocol/Front.js", 361))
[Parent 13948, Gecko_IOThread] WARNING: file /builds/worker/checkouts/gecko/ipc/chromium/src/base/process_util_win.cc:166
1609692782666	Marionette	INFO	Stopped listening on port 53383

###!!! [Child][RunMessage] Error: Channel closing: too late to send/recv, messages will be lost

1609720534706	geckodriver	INFO	Listening on 127.0.0.1:53617
1609720537831	mozrunner::runner	INFO	Running command: "C:\\Program Files\\Mozilla Firefox\\firefox.exe" "--marionette" "-foreground" "-no-remote" "-profile" "C:\\Users\\alexb\\AppData\\Local\\Temp\\rust_mozprofilek8qzMo"
Can't find symbol 'eglSwapBuffersWithDamageEXT'.
Can't find symbol 'eglSetDamageRegionKHR'.
console.warn: SearchSettings: "get: No settings file exists, new profile?" (new Error("", "(unknown module)"))
1609720556032	Marionette	INFO	Listening on port 53625
1609720556396	Marionette	WARN	TLS certificate errors will be ignored for this session
1609720581806	Marionette	WARN	TimedPromise timed out after 500 ms: stacktrace:
TimedPromise/<@chrome://marionette/content/sync.js:235:19
TimedPromise@chrome://marionette/content/sync.js:220:10
interaction.flushEventLoop@chrome://marionette/content/interaction.js:418:10
webdriverClickElement@chrome://marionette/content/interaction.js:179:31
1609720664336	Marionette	INFO	Stopped listening on port 53625

###!!! [Child][RunMessage] Error: Channel closing: too late to send/recv, messages will be lost

1609813059487	geckodriver	INFO	Listening on 127.0.0.1:51424
1609813062582	mozrunner::runner	INFO	Running command: "C:\\Program Files\\Mozilla Firefox\\firefox.exe" "--marionette" "-foreground" "-no-remote" "-profile" "C:\\Users\\alexb\\AppData\\Local\\Temp\\rust_mozprofileA0BuBi"
Can't find symbol 'eglSwapBuffersWithDamageEXT'.
Can't find symbol 'eglSetDamageRegionKHR'.
[Parent 6528, Gecko_IOThread] WARNING: file /builds/worker/checkouts/gecko/ipc/chromium/src/base/process_util_win.cc:166
console.warn: SearchSettings: "get: No settings file exists, new profile?" (new Error("", "(unknown module)"))
1609813086836	Marionette	INFO	Listening on port 51433
1609813087398	Marionette	WARN	TLS certificate errors will be ignored for this session
1609813115280	Marionette	WARN	TimedPromise timed out after 500 ms: stacktrace:
TimedPromise/<@chrome://marionette/content/sync.js:235:19
TimedPromise@chrome://marionette/content/sync.js:220:10
interaction.flushEventLoop@chrome://marionette/content/interaction.js:418:10
webdriverClickElement@chrome://marionette/content/interaction.js:179:31
1609821410191	Marionette	INFO	Stopped listening on port 51433

###!!! [Child][RunMessage] Error: Channel closing: too late to send/recv, messages will be lost

1610037451839	geckodriver	INFO	Listening on 127.0.0.1:63961
1610037454980	mozrunner::runner	INFO	Running command: "C:\\Program Files\\Mozilla Firefox\\firefox.exe" "--marionette" "-foreground" "-no-remote" "-profile" "C:\\Users\\alexb\\AppData\\Local\\Temp\\rust_mozprofile3roKIu"
Can't find symbol 'eglSwapBuffersWithDamageEXT'.
Can't find symbol 'eglSetDamageRegionKHR'.
console.warn: SearchSettings: "get: No settings file exists, new profile?" (new Error("", "(unknown module)"))
1610037487206	Marionette	INFO	Listening on port 63969
1610037487682	Marionette	WARN	TLS certificate errors will be ignored for this session
[Parent 9228, Gecko_IOThread] WARNING: file /builds/worker/checkouts/gecko/ipc/chromium/src/base/process_util_win.cc:166
1610037514069	Marionette	WARN	TimedPromise timed out after 500 ms: stacktrace:
TimedPromise/<@chrome://marionette/content/sync.js:235:19
TimedPromise@chrome://marionette/content/sync.js:220:10
interaction.flushEventLoop@chrome://marionette/content/interaction.js:418:10
webdriverClickElement@chrome://marionette/content/interaction.js:179:31
1610037902967	geckodriver	INFO	Listening on 127.0.0.1:64081
1610037906024	mozrunner::runner	INFO	Running command: "C:\\Program Files\\Mozilla Firefox\\firefox.exe" "--marionette" "-foreground" "-no-remote" "-profile" "C:\\Users\\alexb\\AppData\\Local\\Temp\\rust_mozprofileW7859C"
Can't find symbol 'eglSwapBuffersWithDamageEXT'.
Can't find symbol 'eglSetDamageRegionKHR'.
console.warn: SearchSettings: "get: No settings file exists, new profile?" (new Error("", "(unknown module)"))
1610037913115	Marionette	INFO	Listening on port 64089
1610037913499	Marionette	WARN	TLS certificate errors will be ignored for this session
1610037933927	Marionette	WARN	TimedPromise timed out after 500 ms: stacktrace:
TimedPromise/<@chrome://marionette/content/sync.js:235:19
TimedPromise@chrome://marionette/content/sync.js:220:10
interaction.flushEventLoop@chrome://marionette/content/interaction.js:418:10
webdriverClickElement@chrome://marionette/content/interaction.js:179:31
JavaScript error: resource://activity-stream/lib/ASRouter.jsm, line 987: NS_ERROR_ILLEGAL_VALUE: Component returned failure code: 0x80070057 (NS_ERROR_ILLEGAL_VALUE) [nsIObserverService.removeObserver]
[Parent 12620, Gecko_IOThread] WARNING: file /builds/worker/checkouts/gecko/ipc/chromium/src/base/process_util_win.cc:166
1610060369503	geckodriver	INFO	Listening on 127.0.0.1:65075
1610060372582	mozrunner::runner	INFO	Running command: "C:\\Program Files\\Mozilla Firefox\\firefox.exe" "--marionette" "-foreground" "-no-remote" "-profile" "C:\\Users\\alexb\\AppData\\Local\\Temp\\rust_mozprofileRGd4KP"
Can't find symbol 'eglSwapBuffersWithDamageEXT'.
Can't find symbol 'eglSetDamageRegionKHR'.
console.warn: SearchSettings: "get: No settings file exists, new profile?" (new Error("", "(unknown module)"))
1610060405419	Marionette	INFO	Listening on port 65083
1610060406143	Marionette	WARN	TLS certificate errors will be ignored for this session
1610060432163	Marionette	WARN	TimedPromise timed out after 500 ms: stacktrace:
TimedPromise/<@chrome://marionette/content/sync.js:235:19
TimedPromise@chrome://marionette/content/sync.js:220:10
interaction.flushEventLoop@chrome://marionette/content/interaction.js:418:10
webdriverClickElement@chrome://marionette/content/interaction.js:179:31
1610064254621	Marionette	INFO	Stopped listening on port 65083

###!!! [Child][RunMessage] Error: Channel closing: too late to send/recv, messages will be lost

